2025-09-23 17:59:45,984 [INFO] Activator:176 - 


2025-09-23 17:59:45,990 [INFO] Activator:177 - !SESSION log4j initialized
2025-09-23 17:59:49,498 [INFO] LogOutputStream:77 - [STDOUT_REDIRECT] 
2025-09-23 17:59:49,738 [ERROR] LogOutputStream:75 - [STDERR_REDIRECT] 
2025-09-23 17:59:51,834 [INFO] LogOutputStream:77 - [STDOUT_REDIRECT] 
2025-09-23 17:59:52,675 [INFO] ApplicationProperties:184 - Using Application install path: /Applications/STM32CubeIDE.app/Contents/Eclipse/plugins/com.st.stm32cube.common.mx_6.15.0.202507011659
2025-09-23 17:59:52,700 [INFO] DbMcusXml:78 - Set database path to: /Applications/STM32CubeIDE.app/Contents/Eclipse/plugins/com.st.stm32cube.common.mx_6.15.0.202507011659//db//mcu/
2025-09-23 17:59:52,700 [INFO] ApiDb:274 - Set plugin database path to: /Applications/STM32CubeIDE.app/Contents/Eclipse/plugins/com.st.stm32cube.common.mx_6.15.0.202507011659//db//plugins/boardmanager/
2025-09-23 17:59:52,701 [WARN] ApiDb:259 - Overriding images path with different value:  => /Applications/STM32CubeIDE.app/Contents/Eclipse/plugins/com.st.stm32cube.common.mx_6.15.0.202507011659//db//plugins/mcufinder/images/
2025-09-23 17:59:52,708 [INFO] ApiDb:250 - Set database path to: /Users/samadariyan/.stmcufinder/plugins/mcufinder//mcu/
2025-09-23 17:59:52,710 [INFO] DbMcusAds:125 - Set database path to: /Users/samadariyan/.stmcufinder/plugins/mcufinder//mcu/
2025-09-23 17:59:52,713 [INFO] CrossReferenceDbSqlite:203 - Set database path to: /Users/samadariyan/.stmcufinder/plugins/mcufinder//mcu/cs/
2025-09-23 17:59:52,840 [INFO] RulesReader:64 - Compatibility file has been processed (317 Rules)
2025-09-23 17:59:52,901 [INFO] DbMcusXml:78 - Set database path to: /Applications/STM32CubeIDE.app/Contents/Eclipse/plugins/com.st.stm32cube.common.mx_6.15.0.202507011659//db//mcu/
2025-09-23 17:59:52,902 [INFO] ApiDb:274 - Set plugin database path to: /Applications/STM32CubeIDE.app/Contents/Eclipse/plugins/com.st.stm32cube.common.mx_6.15.0.202507011659//db//plugins/boardmanager/
2025-09-23 17:59:52,902 [INFO] ApiDb:261 - Set plugin images path to: /Applications/STM32CubeIDE.app/Contents/Eclipse/plugins/com.st.stm32cube.common.mx_6.15.0.202507011659//db//plugins/mcufinder/images/
2025-09-23 17:59:52,902 [WARN] DbFile:41 - Overriding database path with different value: /Users/samadariyan/.stmcufinder/plugins/mcufinder/ => /Users/samadariyan/.stmcufinder/plugins/mcufinder
2025-09-23 17:59:52,902 [INFO] ApiDb:250 - Set database path to: /Users/samadariyan/.stmcufinder/plugins/mcufinder//mcu/
2025-09-23 17:59:52,902 [WARN] DbFile:41 - Overriding database path with different value: /Users/samadariyan/.stmcufinder/plugins/mcufinder/ => /Users/samadariyan/.stmcufinder/plugins/mcufinder
2025-09-23 17:59:52,902 [INFO] DbMcusAds:125 - Set database path to: /Users/samadariyan/.stmcufinder/plugins/mcufinder//mcu/
2025-09-23 17:59:52,902 [WARN] DbFile:41 - Overriding database path with different value: /Users/samadariyan/.stmcufinder/plugins/mcufinder/ => /Users/samadariyan/.stmcufinder/plugins/mcufinder
2025-09-23 17:59:52,902 [WARN] DbFile:41 - Overriding database path with different value: /Users/samadariyan/.stmcufinder/plugins/mcufinder/ => /Users/samadariyan/.stmcufinder/plugins/mcufinder
2025-09-23 17:59:52,903 [INFO] CrossReferenceDbSqlite:203 - Set database path to: /Users/samadariyan/.stmcufinder/plugins/mcufinder//mcu/cs/
2025-09-23 17:59:52,987 [INFO] MainPanel:274 - HeapMemory: 268435456
2025-09-23 17:59:54,139 [INFO] DbMcusXml:78 - Set database path to: /Applications/STM32CubeIDE.app/Contents/Eclipse/plugins/com.st.stm32cube.common.mx_6.15.0.202507011659//db//mcu/
2025-09-23 17:59:54,139 [INFO] ApiDb:274 - Set plugin database path to: /Applications/STM32CubeIDE.app/Contents/Eclipse/plugins/com.st.stm32cube.common.mx_6.15.0.202507011659//db//plugins/boardmanager/
2025-09-23 17:59:54,139 [INFO] ApiDb:261 - Set plugin images path to: /Applications/STM32CubeIDE.app/Contents/Eclipse/plugins/com.st.stm32cube.common.mx_6.15.0.202507011659//db//plugins/mcufinder/images/
2025-09-23 17:59:54,140 [WARN] DbFile:41 - Overriding database path with different value: /Users/samadariyan/.stmcufinder/plugins/mcufinder/ => /Users/samadariyan/.stmcufinder/plugins/mcufinder
2025-09-23 17:59:54,140 [INFO] ApiDb:250 - Set database path to: /Users/samadariyan/.stmcufinder/plugins/mcufinder//mcu/
2025-09-23 17:59:54,140 [WARN] DbFile:41 - Overriding database path with different value: /Users/samadariyan/.stmcufinder/plugins/mcufinder/ => /Users/samadariyan/.stmcufinder/plugins/mcufinder
2025-09-23 17:59:54,140 [INFO] DbMcusAds:125 - Set database path to: /Users/samadariyan/.stmcufinder/plugins/mcufinder//mcu/
2025-09-23 17:59:54,140 [WARN] DbFile:41 - Overriding database path with different value: /Users/samadariyan/.stmcufinder/plugins/mcufinder/ => /Users/samadariyan/.stmcufinder/plugins/mcufinder
2025-09-23 17:59:54,140 [WARN] DbFile:41 - Overriding database path with different value: /Users/samadariyan/.stmcufinder/plugins/mcufinder/ => /Users/samadariyan/.stmcufinder/plugins/mcufinder
2025-09-23 17:59:54,140 [INFO] CrossReferenceDbSqlite:203 - Set database path to: /Users/samadariyan/.stmcufinder/plugins/mcufinder//mcu/cs/
2025-09-23 17:59:54,177 [INFO] ApplicationProperties:184 - Using Application install path: /Applications/STM32CubeIDE.app/Contents/Eclipse/plugins/com.st.stm32cube.common.mx_6.15.0.202507011659
2025-09-23 17:59:54,179 [INFO] PluginManage:196 - Search for loadable plugins [exclusion list=, ]
2025-09-23 17:59:54,181 [INFO] PluginManage:310 - Check plugin analytics
2025-09-23 17:59:54,389 [INFO] AnalyticsPlugin:253 - Accepted Software Licenses: STM32CubeMX.6.15.0
2025-09-23 17:59:54,389 [INFO] AnalyticsPlugin:255 - Accepted CMSIS Pack Licenses: 
2025-09-23 17:59:54,389 [INFO] AnalyticsPlugin:257 - Accepted Firmware Licenses: 
2025-09-23 17:59:54,393 [INFO] PluginManage:359 - Loaded plugin analytics (category:tool,tabindex:-1)
2025-09-23 17:59:54,393 [INFO] PluginManage:310 - Check plugin cadmodel
2025-09-23 17:59:54,399 [INFO] CADModel:105 - Init CAD model plugin
2025-09-23 17:59:54,399 [INFO] PluginManage:359 - Loaded plugin cadmodel (category:power,tabindex:5)
2025-09-23 17:59:54,399 [INFO] PluginManage:310 - Check plugin clock
2025-09-23 17:59:54,409 [INFO] PluginManage:359 - Loaded plugin clock (category:base,tabindex:2)
2025-09-23 17:59:54,409 [INFO] PluginManage:310 - Check plugin ddr
2025-09-23 17:59:54,412 [INFO] PluginManage:359 - Loaded plugin ddr (category:tool,tabindex:6)
2025-09-23 17:59:54,412 [INFO] PluginManage:310 - Check plugin filemanager
2025-09-23 17:59:54,583 [INFO] PluginManage:359 - Loaded plugin filemanager (category:base,tabindex:10)
2025-09-23 17:59:54,583 [INFO] PluginManage:310 - Check plugin ipmanager
2025-09-23 17:59:54,590 [INFO] PluginManage:359 - Loaded plugin ipmanager (category:base,tabindex:5)
2025-09-23 17:59:54,590 [INFO] PluginManage:310 - Check plugin lpbam
2025-09-23 17:59:54,601 [INFO] PluginManage:359 - Loaded plugin lpbam (category:base,tabindex:0)
2025-09-23 17:59:54,601 [INFO] PluginManage:310 - Check plugin memorymap
2025-09-23 17:59:54,624 [INFO] PluginManage:359 - Loaded plugin memorymap (category:base,tabindex:4)
2025-09-23 17:59:54,624 [INFO] PluginManage:310 - Check plugin pinoutandconfiguration
2025-09-23 17:59:54,635 [INFO] PluginManage:359 - Loaded plugin pinoutandconfiguration (category:base,tabindex:1)
2025-09-23 17:59:54,635 [INFO] PluginManage:310 - Check plugin pinoutconfig
2025-09-23 17:59:54,763 [WARN] SupportedApi:132 - Cannot load RTOS API schema: s4s-elt-must-match.1: The content of 'definitions' must match (annotation?, (simpleType | complexType)?, (unique | key | keyref)*)). A problem was found starting at: attribute.
2025-09-23 17:59:54,935 [INFO] PluginManage:359 - Loaded plugin pinoutconfig (category:base,tabindex:0)
2025-09-23 17:59:54,935 [INFO] PluginManage:310 - Check plugin power
2025-09-23 17:59:54,946 [INFO] PluginManage:359 - Loaded plugin power (category:power,tabindex:4)
2025-09-23 17:59:54,946 [INFO] PluginManage:310 - Check plugin projectmanager
2025-09-23 17:59:54,960 [INFO] PluginManage:359 - Loaded plugin projectmanager (category:projectmanager,tabindex:4)
2025-09-23 17:59:54,960 [INFO] PluginManage:310 - Check plugin rif
2025-09-23 17:59:54,971 [INFO] PluginManage:359 - Loaded plugin rif (category:base,tabindex:3)
2025-09-23 17:59:54,971 [INFO] PluginManage:310 - Check plugin thirdparty
2025-09-23 17:59:55,135 [WARN] IntegrityCheckThread:84 - waiting for thirdparty lock release [integrity check]
2025-09-23 17:59:55,135 [INFO] PluginManage:359 - Loaded plugin thirdparty (category:base,tabindex:-1)
2025-09-23 17:59:55,135 [INFO] IntegrityCheckThread:86 - entering critical section [integrity check]
2025-09-23 17:59:55,135 [INFO] PluginManage:310 - Check plugin tools
2025-09-23 17:59:55,135 [INFO] ThirdPartyUpdaterWithRetryManager:70 - Updater plugin not ready yet. [1/15]
2025-09-23 17:59:55,138 [INFO] PluginManage:359 - Loaded plugin tools (category:base,tabindex:7)
2025-09-23 17:59:55,138 [INFO] PluginManage:310 - Check plugin tutovideos
2025-09-23 17:59:55,448 [INFO] PluginManage:359 - Loaded plugin tutovideos (category:base,tabindex:-1)
2025-09-23 17:59:55,448 [INFO] PluginManage:310 - Check plugin updater
2025-09-23 17:59:55,468 [INFO] PluginManage:359 - Loaded plugin updater (category:base,tabindex:12)
2025-09-23 17:59:55,468 [INFO] PluginManage:310 - Check plugin userauth
2025-09-23 17:59:55,471 [INFO] UserAuth:118 - Init User Auth plugin
2025-09-23 17:59:55,472 [INFO] PluginManage:359 - Loaded plugin userauth (category:base,tabindex:14)
2025-09-23 17:59:55,473 [INFO] PluginManage:283 - PluginManage : Loaded plugins [18]
2025-09-23 17:59:55,673 [INFO] PinOutPanel:1589 - setPackage(No Configuration,No Configuration)
2025-09-23 17:59:55,762 [INFO] CADModel:165 - CPN selected for project level
2025-09-23 17:59:55,762 [INFO] CADModel:114 - Register for checkConnection events
2025-09-23 17:59:55,776 [INFO] IPUIPlugin:80 - create IPUIPlugin
2025-09-23 17:59:55,777 [INFO] PluginManager:220 - loadIPPluginJar : add mdma
2025-09-23 17:59:55,785 [INFO] IPUIPlugin:80 - create IPUIPlugin
2025-09-23 17:59:55,786 [INFO] PluginManager:220 - loadIPPluginJar : add freertos
2025-09-23 17:59:55,794 [INFO] IPUIPlugin:80 - create IPUIPlugin
2025-09-23 17:59:55,794 [INFO] PluginManager:220 - loadIPPluginJar : add gic
2025-09-23 17:59:55,808 [INFO] IPUIPlugin:80 - create IPUIPlugin
2025-09-23 17:59:55,809 [INFO] PluginManager:220 - loadIPPluginJar : add adc
2025-09-23 17:59:55,813 [INFO] IPUIPlugin:80 - create IPUIPlugin
2025-09-23 17:59:55,814 [INFO] PluginManager:220 - loadIPPluginJar : add gtzc
2025-09-23 17:59:55,815 [INFO] IPUIPlugin:80 - create IPUIPlugin
2025-09-23 17:59:55,816 [INFO] PluginManager:220 - loadIPPluginJar : add quadspi
2025-09-23 17:59:55,818 [INFO] IPUIPlugin:80 - create IPUIPlugin
2025-09-23 17:59:55,818 [INFO] PluginManager:220 - loadIPPluginJar : add aes
2025-09-23 17:59:55,822 [INFO] IPUIPlugin:80 - create IPUIPlugin
2025-09-23 17:59:55,822 [INFO] PluginManager:220 - loadIPPluginJar : add pdm2pcm
2025-09-23 17:59:55,824 [INFO] IPUIPlugin:80 - create IPUIPlugin
2025-09-23 17:59:55,824 [INFO] PluginManager:220 - loadIPPluginJar : add hash
2025-09-23 17:59:55,826 [INFO] IPUIPlugin:80 - create IPUIPlugin
2025-09-23 17:59:55,826 [INFO] PluginManager:220 - loadIPPluginJar : add tim
2025-09-23 17:59:55,828 [INFO] IPUIPlugin:80 - create IPUIPlugin
2025-09-23 17:59:55,828 [INFO] PluginManager:220 - loadIPPluginJar : add tsc
2025-09-23 17:59:55,832 [INFO] IPUIPlugin:80 - create IPUIPlugin
2025-09-23 17:59:55,832 [INFO] PluginManager:220 - loadIPPluginJar : add extmemmanager
2025-09-23 17:59:55,834 [INFO] IPUIPlugin:80 - create IPUIPlugin
2025-09-23 17:59:55,834 [INFO] PluginManager:220 - loadIPPluginJar : add ts
2025-09-23 17:59:55,836 [INFO] IPUIPlugin:80 - create IPUIPlugin
2025-09-23 17:59:55,837 [INFO] PluginManager:220 - loadIPPluginJar : add radio
2025-09-23 17:59:55,840 [INFO] IPUIPlugin:80 - create IPUIPlugin
2025-09-23 17:59:55,841 [INFO] PluginManager:220 - loadIPPluginJar : add can
2025-09-23 17:59:55,843 [INFO] IPUIPlugin:80 - create IPUIPlugin
2025-09-23 17:59:55,843 [INFO] PluginManager:220 - loadIPPluginJar : add dma3
2025-09-23 17:59:55,845 [INFO] IPUIPlugin:80 - create IPUIPlugin
2025-09-23 17:59:55,846 [INFO] PluginManager:220 - loadIPPluginJar : add dfsdm
2025-09-23 17:59:55,849 [INFO] IPUIPlugin:80 - create IPUIPlugin
2025-09-23 17:59:55,849 [INFO] PluginManager:220 - loadIPPluginJar : add spi
2025-09-23 17:59:55,852 [INFO] IPUIPlugin:80 - create IPUIPlugin
2025-09-23 17:59:55,852 [INFO] PluginManager:220 - loadIPPluginJar : add gfxmmu
2025-09-23 17:59:55,854 [INFO] IPUIPlugin:80 - create IPUIPlugin
2025-09-23 17:59:55,854 [INFO] PluginManager:220 - loadIPPluginJar : add genericplugin
2025-09-23 17:59:55,857 [INFO] IPUIPlugin:80 - create IPUIPlugin
2025-09-23 17:59:55,857 [INFO] PluginManager:220 - loadIPPluginJar : add cryp
2025-09-23 17:59:55,863 [INFO] IPUIPlugin:80 - create IPUIPlugin
2025-09-23 17:59:55,864 [INFO] PluginManager:220 - loadIPPluginJar : add gpio
2025-09-23 17:59:55,868 [INFO] IPUIPlugin:80 - create IPUIPlugin
2025-09-23 17:59:55,869 [INFO] PluginManager:220 - loadIPPluginJar : add ddr_ctrl_phy
2025-09-23 17:59:55,870 [INFO] IPUIPlugin:80 - create IPUIPlugin
2025-09-23 17:59:55,871 [INFO] PluginManager:220 - loadIPPluginJar : add comp
2025-09-23 17:59:55,873 [INFO] IPUIPlugin:80 - create IPUIPlugin
2025-09-23 17:59:55,873 [INFO] PluginManager:220 - loadIPPluginJar : add tracer_emb
2025-09-23 17:59:55,878 [INFO] IPUIPlugin:80 - create IPUIPlugin
2025-09-23 17:59:55,878 [INFO] PluginManager:220 - loadIPPluginJar : add openamp
2025-09-23 17:59:55,886 [INFO] IPUIPlugin:80 - create IPUIPlugin
2025-09-23 17:59:55,886 [INFO] PluginManager:220 - loadIPPluginJar : add stm32_wpan
2025-09-23 17:59:55,893 [INFO] IPUIPlugin:80 - create IPUIPlugin
2025-09-23 17:59:55,896 [INFO] PluginManager:220 - loadIPPluginJar : add plateformsettings
2025-09-23 17:59:55,900 [INFO] IPUIPlugin:80 - create IPUIPlugin
2025-09-23 17:59:55,900 [INFO] PluginManager:220 - loadIPPluginJar : add ipddr
2025-09-23 17:59:55,903 [INFO] IPUIPlugin:80 - create IPUIPlugin
2025-09-23 17:59:55,903 [INFO] PluginManager:220 - loadIPPluginJar : add usart
2025-09-23 17:59:55,905 [INFO] IPUIPlugin:80 - create IPUIPlugin
2025-09-23 17:59:55,906 [INFO] PluginManager:220 - loadIPPluginJar : add ltdc
2025-09-23 17:59:55,912 [INFO] IPUIPlugin:80 - create IPUIPlugin
2025-09-23 17:59:55,912 [INFO] PluginManager:220 - loadIPPluginJar : add nvic
2025-09-23 17:59:55,914 [INFO] IPUIPlugin:80 - create IPUIPlugin
2025-09-23 17:59:55,914 [INFO] PluginManager:220 - loadIPPluginJar : add fatfs
2025-09-23 17:59:55,923 [INFO] IPUIPlugin:80 - create IPUIPlugin
2025-09-23 17:59:55,924 [INFO] PluginManager:220 - loadIPPluginJar : add linkedlist
2025-09-23 17:59:55,931 [INFO] IPUIPlugin:80 - create IPUIPlugin
2025-09-23 17:59:55,932 [INFO] PluginManager:220 - loadIPPluginJar : add dma
2025-09-23 17:59:55,939 [INFO] IPUIPlugin:80 - create IPUIPlugin
2025-09-23 17:59:55,939 [INFO] PluginManager:220 - loadIPPluginJar : add fmc
2025-09-23 17:59:55,942 [INFO] IPUIPlugin:80 - create IPUIPlugin
2025-09-23 17:59:55,942 [INFO] PluginManager:220 - loadIPPluginJar : add i2s
2025-09-23 17:59:55,945 [INFO] IPUIPlugin:80 - create IPUIPlugin
2025-09-23 17:59:55,945 [INFO] PluginManager:220 - loadIPPluginJar : add ucpd
2025-09-23 17:59:55,948 [INFO] IPUIPlugin:80 - create IPUIPlugin
2025-09-23 17:59:55,948 [INFO] PluginManager:220 - loadIPPluginJar : add lorawan
2025-09-23 17:59:55,952 [INFO] IPUIPlugin:80 - create IPUIPlugin
2025-09-23 17:59:55,952 [INFO] PluginManager:220 - loadIPPluginJar : add opamp
2025-09-23 17:59:55,956 [INFO] IPUIPlugin:80 - create IPUIPlugin
2025-09-23 17:59:55,956 [INFO] PluginManager:220 - loadIPPluginJar : add i3c
2025-09-23 17:59:55,961 [INFO] IPUIPlugin:80 - create IPUIPlugin
2025-09-23 17:59:55,962 [INFO] PluginManager:220 - loadIPPluginJar : add touchsensing
2025-09-23 17:59:55,965 [INFO] IPUIPlugin:80 - create IPUIPlugin
2025-09-23 17:59:55,965 [INFO] PluginManager:220 - loadIPPluginJar : add i2c
2025-09-23 17:59:55,970 [INFO] IPUIPlugin:80 - create IPUIPlugin
2025-09-23 17:59:55,970 [INFO] PluginManager:220 - loadIPPluginJar : add resmgrutility
2025-09-23 17:59:55,973 [INFO] IPUIPlugin:80 - create IPUIPlugin
2025-09-23 17:59:55,973 [INFO] PluginManager:220 - loadIPPluginJar : add sai
2025-09-23 17:59:55,978 [INFO] IPUIPlugin:80 - create IPUIPlugin
2025-09-23 17:59:55,978 [INFO] PluginManager:220 - loadIPPluginJar : add usbx
2025-09-23 17:59:56,085 [FATAL] Updater:351 - Updater called before beeing initialized
2025-09-23 17:59:56,115 [INFO] RulesReader:64 - Compatibility file has been processed (317 Rules)
2025-09-23 17:59:56,124 [INFO] RulesReader:64 - Compatibility file has been processed (317 Rules)
2025-09-23 17:59:56,132 [INFO] CADModel:165 - CPN selected for project level
2025-09-23 17:59:56,132 [INFO] CADModel:114 - Register for checkConnection events
2025-09-23 17:59:56,132 [FATAL] Updater:351 - Updater called before beeing initialized
2025-09-23 17:59:56,132 [ERROR] CADModel:125 - Updater not yet initialized, retry later 
2025-09-23 17:59:56,317 [FATAL] Updater:351 - Updater called before beeing initialized
2025-09-23 17:59:56,320 [INFO] CADModel:165 - CPN selected for project level
2025-09-23 17:59:56,320 [INFO] CADModel:114 - Register for checkConnection events
2025-09-23 17:59:56,320 [FATAL] Updater:351 - Updater called before beeing initialized
2025-09-23 17:59:56,321 [ERROR] CADModel:125 - Updater not yet initialized, retry later 
2025-09-23 17:59:56,325 [FATAL] Updater:351 - Updater called before beeing initialized
2025-09-23 17:59:56,413 [FATAL] Updater:351 - Updater called before beeing initialized
2025-09-23 17:59:56,418 [INFO] DbMcusAds:53 - JSON generation date=Tue Jul 08 11:44:23 IRST 2025 (1751962463524)
2025-09-23 17:59:56,419 [FATAL] Updater:351 - Updater called before beeing initialized
2025-09-23 17:59:56,499 [WARN] DetailPanel:346 - Failed to get advertising image, set to default
2025-09-23 17:59:56,590 [FATAL] Updater:351 - Updater called before beeing initialized
2025-09-23 17:59:56,592 [FATAL] Updater:351 - Updater called before beeing initialized
2025-09-23 17:59:56,592 [FATAL] Updater:351 - Updater called before beeing initialized
2025-09-23 17:59:56,592 [WARN] DetailPanel:346 - Failed to get advertising image, set to default
2025-09-23 17:59:56,593 [FATAL] Updater:351 - Updater called before beeing initialized
2025-09-23 17:59:56,626 [ERROR] Updater:1198 - MainUpdater not yet initialized. External WinMGr cannot be set.
2025-09-23 17:59:56,627 [INFO] Updater:1134 - Updater Version found : 6.15.0
2025-09-23 17:59:56,652 [INFO] ApplicationProperties:184 - Using Application install path: /Applications/STM32CubeIDE.app/Contents/Eclipse/plugins/com.st.stm32cube.common.mx_6.15.0.202507011659
2025-09-23 17:59:57,754 [ERROR] CheckConnectionManager:249 - Problem, Http access forbiden
2025-09-23 17:59:57,758 [INFO] MainUpdater:2872 - connection check result : 22
2025-09-23 17:59:57,758 [INFO] MainUpdater:289 - Updater Check For Update Now.
2025-09-23 17:59:57,758 [INFO] MicroXplorer:498 - Change Database Version : DB.6.0.150
2025-09-23 17:59:57,765 [INFO] McuFinderGlobals:63 - Set McuFinder mode to 2 (CubeIDE integrated)
2025-09-23 17:59:57,766 [INFO] UserAuth:487 - Internet connection configuration mode: 2
2025-09-23 17:59:57,769 [INFO] UserAuth:487 - Internet connection configuration mode: 2
2025-09-23 17:59:57,952 [INFO] CheckServerUpdateThread:120 - End of CheckServer Thread
2025-09-23 17:59:58,303 [WARN] PackLoader:240 - Cannot read IP mode file for STMicroelectronics.FP-SNS-MOTENVWB1.1.4.0
2025-09-23 17:59:58,309 [WARN] PackLoader:240 - Cannot read IP mode file for STMicroelectronics.FP-ATR-ASTRA1.2.0.2
2025-09-23 17:59:58,316 [WARN] PackLoader:240 - Cannot read IP mode file for STMicroelectronics.X-CUBE-SMBUS.2.1.0
2025-09-23 17:59:58,320 [WARN] PackLoader:240 - Cannot read IP mode file for STMicroelectronics.X-CUBE-ST60.1.0.0
2025-09-23 17:59:58,362 [WARN] PackLoader:240 - Cannot read IP mode file for STMicroelectronics.X-CUBE-AZRTOS-F7.1.1.0
2025-09-23 17:59:58,370 [WARN] PackLoader:240 - Cannot read IP mode file for Cesanta.I-CUBE-Mongoose.7.19.0
2025-09-23 17:59:58,378 [WARN] PackLoader:240 - Cannot read IP mode file for WES.I-CUBE-Cesium.1.4.0
2025-09-23 17:59:58,405 [WARN] PackLoader:240 - Cannot read IP mode file for Infineon.AIROC-Wi-Fi-Bluetooth-STM32.1.7.1
2025-09-23 17:59:58,437 [WARN] PackLoader:240 - Cannot read IP mode file for STMicroelectronics.X-CUBE-AZRTOS-H7.3.4.0
2025-09-23 17:59:58,447 [WARN] PackLoader:240 - Cannot read IP mode file for STMicroelectronics.X-CUBE-DISPLAY.3.0.0
2025-09-23 17:59:58,460 [WARN] PackLoader:240 - Cannot read IP mode file for STMicroelectronics.X-CUBE-NFC10.1.0.0
2025-09-23 17:59:58,471 [WARN] PackLoader:240 - Cannot read IP mode file for STMicroelectronics.X-CUBE-BLEMGR.4.0.0
2025-09-23 17:59:58,478 [WARN] PackLoader:240 - Cannot read IP mode file for emotas.I-CUBE-CANOPEN.1.3.0
2025-09-23 17:59:58,482 [WARN] ConditionMgr:438 - getConditionDescription Invalid condition id : Cortex-A Device cause : null
2025-09-23 17:59:58,493 [WARN] ConditionMgr:1044 - genDependencies : Invalid condition id : Cortex-A Device cause : null
2025-09-23 17:59:58,494 [WARN] ConditionMgr:1044 - genDependencies : Invalid condition id : Cortex-A Device cause : null
2025-09-23 17:59:58,494 [WARN] ConditionMgr:1044 - genDependencies : Invalid condition id : Cortex-A Device cause : null
2025-09-23 17:59:58,501 [WARN] PackLoader:240 - Cannot read IP mode file for STMicroelectronics.FP-SNS-STBOX1.2.1.0
2025-09-23 17:59:58,506 [WARN] PackLoader:240 - Cannot read IP mode file for STMicroelectronics.FP-SNS-SMARTAG2.1.2.0
2025-09-23 17:59:58,510 [WARN] PackLoader:240 - Cannot read IP mode file for STMicroelectronics.FP-SNS-FLIGHT1.5.1.0
2025-09-23 17:59:58,519 [INFO] LogOutputStream:77 - [STDOUT_REDIRECT] 1 : Invalid condition id : UX_CORESTACK_Condition cause : null
2025-09-23 17:59:58,519 [INFO] LogOutputStream:77 - [STDOUT_REDIRECT] 1 : Invalid condition id : UX_CORESTACK_Condition cause : null
2025-09-23 17:59:58,520 [INFO] LogOutputStream:77 - [STDOUT_REDIRECT] 1 : Invalid condition id : UX_CORESTACK_Condition cause : null
2025-09-23 17:59:58,520 [INFO] LogOutputStream:77 - [STDOUT_REDIRECT] 1 : Invalid condition id : UX_CORESTACK_Condition cause : null
2025-09-23 17:59:58,520 [INFO] LogOutputStream:77 - [STDOUT_REDIRECT] 1 : Invalid condition id : UX_CORESTACK_Condition cause : null
2025-09-23 17:59:58,523 [WARN] PackLoader:240 - Cannot read IP mode file for STMicroelectronics.X-CUBE-AZRTOS-WL.2.0.0
2025-09-23 17:59:58,528 [WARN] PackLoader:240 - Cannot read IP mode file for STMicroelectronics.FP-SNS-MOTENV1.5.0.0
2025-09-23 17:59:58,533 [WARN] PackLoader:240 - Cannot read IP mode file for WES.I-CUBE-Cesium.1.3.0
2025-09-23 17:59:58,538 [WARN] PackLoader:240 - Cannot read IP mode file for STMicroelectronics.X-CUBE-BLE2.3.3.0
2025-09-23 17:59:58,544 [WARN] PackLoader:240 - Cannot read IP mode file for STMicroelectronics.X-CUBE-NFC9.1.0.0
2025-09-23 17:59:58,549 [WARN] PackLoader:240 - Cannot read IP mode file for wolfSSL.I-CUBE-wolfSSL.5.8.0
2025-09-23 17:59:58,552 [WARN] PackLoader:240 - Cannot read IP mode file for wolfSSL.I-CUBE-wolfSSL.5.8.2
2025-09-23 17:59:58,556 [WARN] PackLoader:240 - Cannot read IP mode file for STMicroelectronics.X-CUBE-BLE1.7.1.0
2025-09-23 17:59:58,559 [WARN] PackLoader:240 - Cannot read IP mode file for wolfSSL.I-CUBE-wolfMQTT.1.19.2
2025-09-23 17:59:58,563 [WARN] PackLoader:240 - Cannot read IP mode file for STMicroelectronics.X-CUBE-EEPRMA1.5.2.0
2025-09-23 17:59:58,568 [WARN] PackLoader:240 - Cannot read IP mode file for STMicroelectronics.X-CUBE-AI.10.1.0
2025-09-23 17:59:58,582 [WARN] PackLoader:240 - Cannot read IP mode file for STMicroelectronics.X-CUBE-AZRTOS-G0.1.1.0
2025-09-23 17:59:58,590 [WARN] PackLoader:240 - Cannot read IP mode file for STMicroelectronics.X-CUBE-SAFEA1.1.2.2
2025-09-23 17:59:58,596 [WARN] PackLoader:240 - Cannot read IP mode file for STMicroelectronics.X-CUBE-NFC4.3.0.0
2025-09-23 17:59:58,604 [WARN] PackLoader:240 - Cannot read IP mode file for EmbeddedOffice.I-CUBE-FS-RTOS.1.0.1
2025-09-23 17:59:58,608 [WARN] PackLoader:240 - Cannot read IP mode file for STMicroelectronics.X-CUBE-WB05N.2.0.0
2025-09-23 17:59:58,611 [WARN] PackLoader:240 - Cannot read IP mode file for wolfSSL.I-CUBE-wolfTPM.3.8.0
2025-09-23 17:59:58,616 [WARN] PackLoader:240 - Cannot read IP mode file for STMicroelectronics.X-CUBE-TCPP.4.2.0
2025-09-23 17:59:58,620 [WARN] PackLoader:240 - Cannot read IP mode file for RealThread.X-CUBE-RT-Thread_Nano.4.1.1
2025-09-23 17:59:58,623 [WARN] PackLoader:240 - Cannot read IP mode file for STMicroelectronics.FP-ATR-SIGFOX1.3.2.0
2025-09-23 17:59:58,628 [WARN] PackLoader:240 - Cannot read IP mode file for ITTIA_DB.I-CUBE-ITTIADB.8.9.0
2025-09-23 17:59:58,633 [WARN] PackLoader:240 - Cannot read IP mode file for STMicroelectronics.X-CUBE-ST67W61.1.0.0
2025-09-23 17:59:58,636 [WARN] PackLoader:240 - Cannot read IP mode file for STMicroelectronics.X-CUBE-AI.10.2.0
2025-09-23 17:59:58,674 [WARN] PackLoader:240 - Cannot read IP mode file for SEGGER.I-CUBE-embOS.1.3.1
2025-09-23 17:59:58,714 [WARN] PackLoader:240 - Cannot read IP mode file for STMicroelectronics.X-CUBE-ALGOBUILD.1.4.0
2025-09-23 17:59:58,752 [WARN] PackLoader:240 - Cannot read IP mode file for STMicroelectronics.X-CUBE-MEMS1.11.3.0
2025-09-23 17:59:58,862 [WARN] PackLoader:240 - Cannot read IP mode file for STMicroelectronics.X-CUBE-PM33A1.1.0.0
2025-09-23 17:59:58,888 [WARN] PackLoader:240 - Cannot read IP mode file for STMicroelectronics.X-CUBE-AZRTOS-F4.1.1.0
2025-09-23 17:59:58,899 [WARN] PackLoader:240 - Cannot read IP mode file for Avnet-IotConnect.X-CUBE-IoTC-DA16k-PMOD.1.0.0
2025-09-23 17:59:58,930 [WARN] PackLoader:240 - Cannot read IP mode file for STMicroelectronics.X-CUBE-ISPU.2.1.0
2025-09-23 17:59:58,945 [WARN] PackLoader:240 - Cannot read IP mode file for STMicroelectronics.X-CUBE-NFC12.1.0.0
2025-09-23 17:59:58,991 [WARN] PackLoader:240 - Cannot read IP mode file for STMicroelectronics.X-CUBE-AZRTOS-L5.2.0.0
2025-09-23 17:59:59,003 [WARN] PackLoader:240 - Cannot read IP mode file for STMicroelectronics.X-CUBE-NFC6.3.1.0
2025-09-23 17:59:59,012 [WARN] PackLoader:240 - Cannot read IP mode file for STMicroelectronics.X-CUBE-FREERTOS.1.3.1
2025-09-23 17:59:59,032 [WARN] PackLoader:240 - Cannot read IP mode file for STMicroelectronics.FP-SNS-STAIOTCFT.1.0.0
2025-09-23 17:59:59,038 [WARN] PackLoader:240 - Cannot read IP mode file for STMicroelectronics.X-CUBE-DPower.1.3.0
2025-09-23 17:59:59,061 [WARN] ConditionMgr:438 - getConditionDescription Invalid condition id : LAN8742 Phy interface Condition cause : null
2025-09-23 17:59:59,062 [WARN] PackLoader:240 - Cannot read IP mode file for STMicroelectronics.X-CUBE-AZRTOS-L4.2.0.0
2025-09-23 17:59:59,063 [WARN] ConditionMgr:1044 - genDependencies : Invalid condition id : LAN8742 Phy interface Condition cause : null
2025-09-23 17:59:59,064 [WARN] ConditionMgr:1044 - genDependencies : Invalid condition id : LAN8742 Phy interface Condition cause : null
2025-09-23 17:59:59,064 [WARN] ConditionMgr:1044 - genDependencies : Invalid condition id : LAN8742 Phy interface Condition cause : null
2025-09-23 17:59:59,073 [WARN] PackLoader:240 - Cannot read IP mode file for STMicroelectronics.X-CUBE-SFXS2LP1.4.0.0
2025-09-23 17:59:59,086 [WARN] PackLoader:240 - Cannot read IP mode file for STMicroelectronics.X-CUBE-BLEMGR.4.1.0
2025-09-23 17:59:59,103 [WARN] ConditionMgr:438 - getConditionDescription Invalid condition id : UX DEVICE CLASS RTOS Condition cause : null
2025-09-23 17:59:59,104 [WARN] ConditionMgr:438 - getConditionDescription Invalid condition id : UX DEVICE CLASS RTOS Condition cause : null
2025-09-23 17:59:59,106 [WARN] PackLoader:240 - Cannot read IP mode file for STMicroelectronics.X-CUBE-AZRTOS-WB.2.0.0
2025-09-23 17:59:59,106 [WARN] ConditionMgr:1044 - genDependencies : Invalid condition id : UX DEVICE CLASS RTOS Condition cause : null
2025-09-23 17:59:59,107 [WARN] ConditionMgr:1044 - genDependencies : Invalid condition id : UX DEVICE CLASS RTOS Condition cause : null
2025-09-23 17:59:59,107 [WARN] ConditionMgr:1044 - genDependencies : Invalid condition id : UX DEVICE CLASS RTOS Condition cause : null
2025-09-23 17:59:59,107 [WARN] ConditionMgr:1044 - genDependencies : Invalid condition id : UX DEVICE CLASS RTOS Condition cause : null
2025-09-23 17:59:59,107 [WARN] ConditionMgr:1044 - genDependencies : Invalid condition id : UX DEVICE CLASS RTOS Condition cause : null
2025-09-23 17:59:59,113 [WARN] PackLoader:240 - Cannot read IP mode file for STMicroelectronics.X-CUBE-GNSS1.7.0.1
2025-09-23 17:59:59,118 [WARN] PackLoader:240 - Cannot read IP mode file for STMicroelectronics.X-CUBE-TOUCHGFX.4.25.0
2025-09-23 17:59:59,123 [WARN] PackLoader:240 - Cannot read IP mode file for STMicroelectronics.FP-SNS-STBOX1.2.0.0
2025-09-23 17:59:59,127 [WARN] ConditionMgr:438 - getConditionDescription Invalid condition id : Cortex-A Device cause : null
2025-09-23 17:59:59,133 [WARN] ConditionMgr:1044 - genDependencies : Invalid condition id : Cortex-A Device cause : null
2025-09-23 17:59:59,133 [WARN] ConditionMgr:1044 - genDependencies : Invalid condition id : Cortex-A Device cause : null
2025-09-23 17:59:59,133 [WARN] ConditionMgr:1044 - genDependencies : Invalid condition id : Cortex-A Device cause : null
2025-09-23 17:59:59,142 [WARN] PackLoader:240 - Cannot read IP mode file for STMicroelectronics.X-CUBE-SUBG2.5.0.0
2025-09-23 17:59:59,159 [WARN] PackLoader:240 - Cannot read IP mode file for STMicroelectronics.X-CUBE-AZRTOS-H7RS.1.1.0
2025-09-23 17:59:59,163 [WARN] PackLoader:240 - Cannot read IP mode file for Cesanta.I-CUBE-Mongoose.7.13.0
2025-09-23 17:59:59,174 [WARN] PackLoader:240 - Cannot read IP mode file for STMicroelectronics.X-CUBE-AZRTOS-G4.2.0.0
2025-09-23 17:59:59,178 [WARN] PackLoader:240 - Cannot read IP mode file for wolfSSL.I-CUBE-wolfSSH.1.4.20
2025-09-23 17:59:59,182 [WARN] PackLoader:240 - Cannot read IP mode file for STMicroelectronics.X-CUBE-NFC7.2.0.0
2025-09-23 17:59:59,193 [WARN] PackLoader:240 - Cannot read IP mode file for STMicroelectronics.X-CUBE-IPS.3.1.0
2025-09-23 17:59:59,200 [WARN] PackLoader:240 - Cannot read IP mode file for STMicroelectronics.X-CUBE-ALS.1.0.2
2025-09-23 17:59:59,205 [WARN] PackLoader:240 - Cannot read IP mode file for STMicroelectronics.X-CUBE-STSE01.1.0.0
2025-09-23 17:59:59,211 [WARN] PackLoader:240 - Cannot read IP mode file for portGmbH.I-Cube-SoM-uGOAL.1.1.0
2025-09-23 17:59:59,221 [WARN] PackLoader:240 - Cannot read IP mode file for STMicroelectronics.X-CUBE-TOF1.3.4.3
2025-09-23 17:59:59,231 [INFO] ThirdParty:978 - Integrity check success = true
2025-09-23 17:59:59,231 [INFO] IntegrityCheckThread:100 - exiting critical section [integrity check]
2025-09-23 17:59:59,231 [INFO] IntegrityCheckThread:103 - End integrity checks thread
2025-09-23 18:56:49,900 [INFO] Activator:176 - 


2025-09-23 18:56:49,902 [INFO] Activator:177 - !SESSION log4j initialized
2025-09-23 18:56:53,957 [INFO] LogOutputStream:77 - [STDOUT_REDIRECT] 
2025-09-23 18:56:54,271 [ERROR] LogOutputStream:75 - [STDERR_REDIRECT] 
2025-09-23 18:56:56,883 [INFO] LogOutputStream:77 - [STDOUT_REDIRECT] 
2025-09-23 18:56:57,373 [INFO] ApplicationProperties:184 - Using Application install path: /Applications/STM32CubeIDE.app/Contents/Eclipse/plugins/com.st.stm32cube.common.mx_6.15.0.202507011659
2025-09-23 18:56:57,391 [INFO] DbMcusXml:78 - Set database path to: /Applications/STM32CubeIDE.app/Contents/Eclipse/plugins/com.st.stm32cube.common.mx_6.15.0.202507011659//db//mcu/
2025-09-23 18:56:57,391 [INFO] ApiDb:274 - Set plugin database path to: /Applications/STM32CubeIDE.app/Contents/Eclipse/plugins/com.st.stm32cube.common.mx_6.15.0.202507011659//db//plugins/boardmanager/
2025-09-23 18:56:57,391 [WARN] ApiDb:259 - Overriding images path with different value:  => /Applications/STM32CubeIDE.app/Contents/Eclipse/plugins/com.st.stm32cube.common.mx_6.15.0.202507011659//db//plugins/mcufinder/images/
2025-09-23 18:56:57,397 [INFO] ApiDb:250 - Set database path to: /Users/samadariyan/.stmcufinder/plugins/mcufinder//mcu/
2025-09-23 18:56:57,399 [INFO] DbMcusAds:125 - Set database path to: /Users/samadariyan/.stmcufinder/plugins/mcufinder//mcu/
2025-09-23 18:56:57,401 [INFO] CrossReferenceDbSqlite:203 - Set database path to: /Users/samadariyan/.stmcufinder/plugins/mcufinder//mcu/cs/
2025-09-23 18:56:57,562 [INFO] RulesReader:64 - Compatibility file has been processed (317 Rules)
2025-09-23 18:56:57,631 [INFO] DbMcusXml:78 - Set database path to: /Applications/STM32CubeIDE.app/Contents/Eclipse/plugins/com.st.stm32cube.common.mx_6.15.0.202507011659//db//mcu/
2025-09-23 18:56:57,631 [INFO] ApiDb:274 - Set plugin database path to: /Applications/STM32CubeIDE.app/Contents/Eclipse/plugins/com.st.stm32cube.common.mx_6.15.0.202507011659//db//plugins/boardmanager/
2025-09-23 18:56:57,631 [INFO] ApiDb:261 - Set plugin images path to: /Applications/STM32CubeIDE.app/Contents/Eclipse/plugins/com.st.stm32cube.common.mx_6.15.0.202507011659//db//plugins/mcufinder/images/
2025-09-23 18:56:57,632 [WARN] DbFile:41 - Overriding database path with different value: /Users/samadariyan/.stmcufinder/plugins/mcufinder/ => /Users/samadariyan/.stmcufinder/plugins/mcufinder
2025-09-23 18:56:57,632 [INFO] ApiDb:250 - Set database path to: /Users/samadariyan/.stmcufinder/plugins/mcufinder//mcu/
2025-09-23 18:56:57,632 [WARN] DbFile:41 - Overriding database path with different value: /Users/samadariyan/.stmcufinder/plugins/mcufinder/ => /Users/samadariyan/.stmcufinder/plugins/mcufinder
2025-09-23 18:56:57,632 [INFO] DbMcusAds:125 - Set database path to: /Users/samadariyan/.stmcufinder/plugins/mcufinder//mcu/
2025-09-23 18:56:57,632 [WARN] DbFile:41 - Overriding database path with different value: /Users/samadariyan/.stmcufinder/plugins/mcufinder/ => /Users/samadariyan/.stmcufinder/plugins/mcufinder
2025-09-23 18:56:57,632 [WARN] DbFile:41 - Overriding database path with different value: /Users/samadariyan/.stmcufinder/plugins/mcufinder/ => /Users/samadariyan/.stmcufinder/plugins/mcufinder
2025-09-23 18:56:57,632 [INFO] CrossReferenceDbSqlite:203 - Set database path to: /Users/samadariyan/.stmcufinder/plugins/mcufinder//mcu/cs/
2025-09-23 18:56:57,718 [INFO] MainPanel:274 - HeapMemory: 268435456
2025-09-23 18:56:58,502 [INFO] DbMcusXml:78 - Set database path to: /Applications/STM32CubeIDE.app/Contents/Eclipse/plugins/com.st.stm32cube.common.mx_6.15.0.202507011659//db//mcu/
2025-09-23 18:56:58,502 [INFO] ApiDb:274 - Set plugin database path to: /Applications/STM32CubeIDE.app/Contents/Eclipse/plugins/com.st.stm32cube.common.mx_6.15.0.202507011659//db//plugins/boardmanager/
2025-09-23 18:56:58,502 [INFO] ApiDb:261 - Set plugin images path to: /Applications/STM32CubeIDE.app/Contents/Eclipse/plugins/com.st.stm32cube.common.mx_6.15.0.202507011659//db//plugins/mcufinder/images/
2025-09-23 18:56:58,503 [WARN] DbFile:41 - Overriding database path with different value: /Users/samadariyan/.stmcufinder/plugins/mcufinder/ => /Users/samadariyan/.stmcufinder/plugins/mcufinder
2025-09-23 18:56:58,503 [INFO] ApiDb:250 - Set database path to: /Users/samadariyan/.stmcufinder/plugins/mcufinder//mcu/
2025-09-23 18:56:58,503 [WARN] DbFile:41 - Overriding database path with different value: /Users/samadariyan/.stmcufinder/plugins/mcufinder/ => /Users/samadariyan/.stmcufinder/plugins/mcufinder
2025-09-23 18:56:58,503 [INFO] DbMcusAds:125 - Set database path to: /Users/samadariyan/.stmcufinder/plugins/mcufinder//mcu/
2025-09-23 18:56:58,503 [WARN] DbFile:41 - Overriding database path with different value: /Users/samadariyan/.stmcufinder/plugins/mcufinder/ => /Users/samadariyan/.stmcufinder/plugins/mcufinder
2025-09-23 18:56:58,504 [WARN] DbFile:41 - Overriding database path with different value: /Users/samadariyan/.stmcufinder/plugins/mcufinder/ => /Users/samadariyan/.stmcufinder/plugins/mcufinder
2025-09-23 18:56:58,504 [INFO] CrossReferenceDbSqlite:203 - Set database path to: /Users/samadariyan/.stmcufinder/plugins/mcufinder//mcu/cs/
2025-09-23 18:56:58,527 [INFO] ApplicationProperties:184 - Using Application install path: /Applications/STM32CubeIDE.app/Contents/Eclipse/plugins/com.st.stm32cube.common.mx_6.15.0.202507011659
2025-09-23 18:56:58,529 [INFO] PluginManage:196 - Search for loadable plugins [exclusion list=, ]
2025-09-23 18:56:58,530 [INFO] PluginManage:310 - Check plugin analytics
2025-09-23 18:56:58,712 [INFO] AnalyticsPlugin:253 - Accepted Software Licenses: STM32CubeMX.6.15.0
2025-09-23 18:56:58,712 [INFO] AnalyticsPlugin:255 - Accepted CMSIS Pack Licenses: 
2025-09-23 18:56:58,712 [INFO] AnalyticsPlugin:257 - Accepted Firmware Licenses: 
2025-09-23 18:56:58,714 [INFO] PluginManage:359 - Loaded plugin analytics (category:tool,tabindex:-1)
2025-09-23 18:56:58,715 [INFO] PluginManage:310 - Check plugin cadmodel
2025-09-23 18:56:58,720 [INFO] CADModel:105 - Init CAD model plugin
2025-09-23 18:56:58,720 [INFO] PluginManage:359 - Loaded plugin cadmodel (category:power,tabindex:5)
2025-09-23 18:56:58,721 [INFO] PluginManage:310 - Check plugin clock
2025-09-23 18:56:58,730 [INFO] PluginManage:359 - Loaded plugin clock (category:base,tabindex:2)
2025-09-23 18:56:58,731 [INFO] PluginManage:310 - Check plugin ddr
2025-09-23 18:56:58,733 [INFO] PluginManage:359 - Loaded plugin ddr (category:tool,tabindex:6)
2025-09-23 18:56:58,733 [INFO] PluginManage:310 - Check plugin filemanager
2025-09-23 18:56:58,928 [INFO] PluginManage:359 - Loaded plugin filemanager (category:base,tabindex:10)
2025-09-23 18:56:58,928 [INFO] PluginManage:310 - Check plugin ipmanager
2025-09-23 18:56:58,934 [INFO] PluginManage:359 - Loaded plugin ipmanager (category:base,tabindex:5)
2025-09-23 18:56:58,934 [INFO] PluginManage:310 - Check plugin lpbam
2025-09-23 18:56:58,945 [INFO] PluginManage:359 - Loaded plugin lpbam (category:base,tabindex:0)
2025-09-23 18:56:58,946 [INFO] PluginManage:310 - Check plugin memorymap
2025-09-23 18:56:58,962 [INFO] PluginManage:359 - Loaded plugin memorymap (category:base,tabindex:4)
2025-09-23 18:56:58,962 [INFO] PluginManage:310 - Check plugin pinoutandconfiguration
2025-09-23 18:56:58,973 [INFO] PluginManage:359 - Loaded plugin pinoutandconfiguration (category:base,tabindex:1)
2025-09-23 18:56:58,973 [INFO] PluginManage:310 - Check plugin pinoutconfig
2025-09-23 18:56:59,079 [WARN] SupportedApi:132 - Cannot load RTOS API schema: s4s-elt-must-match.1: The content of 'definitions' must match (annotation?, (simpleType | complexType)?, (unique | key | keyref)*)). A problem was found starting at: attribute.
2025-09-23 18:56:59,247 [INFO] PluginManage:359 - Loaded plugin pinoutconfig (category:base,tabindex:0)
2025-09-23 18:56:59,247 [INFO] PluginManage:310 - Check plugin power
2025-09-23 18:56:59,258 [INFO] PluginManage:359 - Loaded plugin power (category:power,tabindex:4)
2025-09-23 18:56:59,258 [INFO] PluginManage:310 - Check plugin projectmanager
2025-09-23 18:56:59,274 [INFO] PluginManage:359 - Loaded plugin projectmanager (category:projectmanager,tabindex:4)
2025-09-23 18:56:59,275 [INFO] PluginManage:310 - Check plugin rif
2025-09-23 18:56:59,285 [INFO] PluginManage:359 - Loaded plugin rif (category:base,tabindex:3)
2025-09-23 18:56:59,285 [INFO] PluginManage:310 - Check plugin thirdparty
2025-09-23 18:56:59,460 [INFO] PluginManage:359 - Loaded plugin thirdparty (category:base,tabindex:-1)
2025-09-23 18:56:59,460 [WARN] IntegrityCheckThread:84 - waiting for thirdparty lock release [integrity check]
2025-09-23 18:56:59,460 [INFO] PluginManage:310 - Check plugin tools
2025-09-23 18:56:59,460 [INFO] IntegrityCheckThread:86 - entering critical section [integrity check]
2025-09-23 18:56:59,460 [INFO] ThirdPartyUpdaterWithRetryManager:70 - Updater plugin not ready yet. [1/15]
2025-09-23 18:56:59,462 [INFO] PluginManage:359 - Loaded plugin tools (category:base,tabindex:7)
2025-09-23 18:56:59,462 [INFO] PluginManage:310 - Check plugin tutovideos
2025-09-23 18:56:59,730 [INFO] PluginManage:359 - Loaded plugin tutovideos (category:base,tabindex:-1)
2025-09-23 18:56:59,730 [INFO] PluginManage:310 - Check plugin updater
2025-09-23 18:56:59,754 [INFO] PluginManage:359 - Loaded plugin updater (category:base,tabindex:12)
2025-09-23 18:56:59,754 [INFO] PluginManage:310 - Check plugin userauth
2025-09-23 18:56:59,758 [INFO] UserAuth:118 - Init User Auth plugin
2025-09-23 18:56:59,760 [INFO] PluginManage:359 - Loaded plugin userauth (category:base,tabindex:14)
2025-09-23 18:56:59,760 [INFO] PluginManage:283 - PluginManage : Loaded plugins [18]
2025-09-23 18:56:59,952 [INFO] PinOutPanel:1589 - setPackage(No Configuration,No Configuration)
2025-09-23 18:57:00,036 [INFO] CADModel:165 - CPN selected for project level
2025-09-23 18:57:00,036 [INFO] CADModel:114 - Register for checkConnection events
2025-09-23 18:57:00,051 [INFO] IPUIPlugin:80 - create IPUIPlugin
2025-09-23 18:57:00,051 [INFO] PluginManager:220 - loadIPPluginJar : add mdma
2025-09-23 18:57:00,059 [INFO] IPUIPlugin:80 - create IPUIPlugin
2025-09-23 18:57:00,060 [INFO] PluginManager:220 - loadIPPluginJar : add freertos
2025-09-23 18:57:00,065 [INFO] IPUIPlugin:80 - create IPUIPlugin
2025-09-23 18:57:00,066 [INFO] PluginManager:220 - loadIPPluginJar : add gic
2025-09-23 18:57:00,077 [INFO] IPUIPlugin:80 - create IPUIPlugin
2025-09-23 18:57:00,077 [INFO] PluginManager:220 - loadIPPluginJar : add adc
2025-09-23 18:57:00,080 [INFO] IPUIPlugin:80 - create IPUIPlugin
2025-09-23 18:57:00,080 [INFO] PluginManager:220 - loadIPPluginJar : add gtzc
2025-09-23 18:57:00,081 [INFO] IPUIPlugin:80 - create IPUIPlugin
2025-09-23 18:57:00,082 [INFO] PluginManager:220 - loadIPPluginJar : add quadspi
2025-09-23 18:57:00,084 [INFO] IPUIPlugin:80 - create IPUIPlugin
2025-09-23 18:57:00,084 [INFO] PluginManager:220 - loadIPPluginJar : add aes
2025-09-23 18:57:00,087 [INFO] IPUIPlugin:80 - create IPUIPlugin
2025-09-23 18:57:00,087 [INFO] PluginManager:220 - loadIPPluginJar : add pdm2pcm
2025-09-23 18:57:00,090 [INFO] IPUIPlugin:80 - create IPUIPlugin
2025-09-23 18:57:00,090 [INFO] PluginManager:220 - loadIPPluginJar : add hash
2025-09-23 18:57:00,092 [INFO] IPUIPlugin:80 - create IPUIPlugin
2025-09-23 18:57:00,092 [INFO] PluginManager:220 - loadIPPluginJar : add tim
2025-09-23 18:57:00,094 [INFO] IPUIPlugin:80 - create IPUIPlugin
2025-09-23 18:57:00,094 [INFO] PluginManager:220 - loadIPPluginJar : add tsc
2025-09-23 18:57:00,098 [INFO] IPUIPlugin:80 - create IPUIPlugin
2025-09-23 18:57:00,098 [INFO] PluginManager:220 - loadIPPluginJar : add extmemmanager
2025-09-23 18:57:00,100 [INFO] IPUIPlugin:80 - create IPUIPlugin
2025-09-23 18:57:00,100 [INFO] PluginManager:220 - loadIPPluginJar : add ts
2025-09-23 18:57:00,102 [INFO] IPUIPlugin:80 - create IPUIPlugin
2025-09-23 18:57:00,103 [INFO] PluginManager:220 - loadIPPluginJar : add radio
2025-09-23 18:57:00,106 [INFO] IPUIPlugin:80 - create IPUIPlugin
2025-09-23 18:57:00,106 [INFO] PluginManager:220 - loadIPPluginJar : add can
2025-09-23 18:57:00,109 [INFO] IPUIPlugin:80 - create IPUIPlugin
2025-09-23 18:57:00,109 [INFO] PluginManager:220 - loadIPPluginJar : add dma3
2025-09-23 18:57:00,112 [INFO] IPUIPlugin:80 - create IPUIPlugin
2025-09-23 18:57:00,112 [INFO] PluginManager:220 - loadIPPluginJar : add dfsdm
2025-09-23 18:57:00,116 [INFO] IPUIPlugin:80 - create IPUIPlugin
2025-09-23 18:57:00,116 [INFO] PluginManager:220 - loadIPPluginJar : add spi
2025-09-23 18:57:00,119 [INFO] IPUIPlugin:80 - create IPUIPlugin
2025-09-23 18:57:00,119 [INFO] PluginManager:220 - loadIPPluginJar : add gfxmmu
2025-09-23 18:57:00,121 [INFO] IPUIPlugin:80 - create IPUIPlugin
2025-09-23 18:57:00,121 [INFO] PluginManager:220 - loadIPPluginJar : add genericplugin
2025-09-23 18:57:00,124 [INFO] IPUIPlugin:80 - create IPUIPlugin
2025-09-23 18:57:00,124 [INFO] PluginManager:220 - loadIPPluginJar : add cryp
2025-09-23 18:57:00,129 [INFO] IPUIPlugin:80 - create IPUIPlugin
2025-09-23 18:57:00,129 [INFO] PluginManager:220 - loadIPPluginJar : add gpio
2025-09-23 18:57:00,133 [INFO] IPUIPlugin:80 - create IPUIPlugin
2025-09-23 18:57:00,134 [INFO] PluginManager:220 - loadIPPluginJar : add ddr_ctrl_phy
2025-09-23 18:57:00,135 [INFO] IPUIPlugin:80 - create IPUIPlugin
2025-09-23 18:57:00,135 [INFO] PluginManager:220 - loadIPPluginJar : add comp
2025-09-23 18:57:00,137 [INFO] IPUIPlugin:80 - create IPUIPlugin
2025-09-23 18:57:00,137 [INFO] PluginManager:220 - loadIPPluginJar : add tracer_emb
2025-09-23 18:57:00,140 [INFO] IPUIPlugin:80 - create IPUIPlugin
2025-09-23 18:57:00,140 [INFO] PluginManager:220 - loadIPPluginJar : add openamp
2025-09-23 18:57:00,147 [INFO] IPUIPlugin:80 - create IPUIPlugin
2025-09-23 18:57:00,147 [INFO] PluginManager:220 - loadIPPluginJar : add stm32_wpan
2025-09-23 18:57:00,157 [INFO] IPUIPlugin:80 - create IPUIPlugin
2025-09-23 18:57:00,159 [INFO] PluginManager:220 - loadIPPluginJar : add plateformsettings
2025-09-23 18:57:00,165 [INFO] IPUIPlugin:80 - create IPUIPlugin
2025-09-23 18:57:00,165 [INFO] PluginManager:220 - loadIPPluginJar : add ipddr
2025-09-23 18:57:00,168 [INFO] IPUIPlugin:80 - create IPUIPlugin
2025-09-23 18:57:00,168 [INFO] PluginManager:220 - loadIPPluginJar : add usart
2025-09-23 18:57:00,170 [INFO] IPUIPlugin:80 - create IPUIPlugin
2025-09-23 18:57:00,171 [INFO] PluginManager:220 - loadIPPluginJar : add ltdc
2025-09-23 18:57:00,176 [INFO] IPUIPlugin:80 - create IPUIPlugin
2025-09-23 18:57:00,176 [INFO] PluginManager:220 - loadIPPluginJar : add nvic
2025-09-23 18:57:00,177 [INFO] IPUIPlugin:80 - create IPUIPlugin
2025-09-23 18:57:00,177 [INFO] PluginManager:220 - loadIPPluginJar : add fatfs
2025-09-23 18:57:00,185 [INFO] IPUIPlugin:80 - create IPUIPlugin
2025-09-23 18:57:00,185 [INFO] PluginManager:220 - loadIPPluginJar : add linkedlist
2025-09-23 18:57:00,192 [INFO] IPUIPlugin:80 - create IPUIPlugin
2025-09-23 18:57:00,192 [INFO] PluginManager:220 - loadIPPluginJar : add dma
2025-09-23 18:57:00,196 [INFO] IPUIPlugin:80 - create IPUIPlugin
2025-09-23 18:57:00,196 [INFO] PluginManager:220 - loadIPPluginJar : add fmc
2025-09-23 18:57:00,199 [INFO] IPUIPlugin:80 - create IPUIPlugin
2025-09-23 18:57:00,199 [INFO] PluginManager:220 - loadIPPluginJar : add i2s
2025-09-23 18:57:00,201 [INFO] IPUIPlugin:80 - create IPUIPlugin
2025-09-23 18:57:00,201 [INFO] PluginManager:220 - loadIPPluginJar : add ucpd
2025-09-23 18:57:00,203 [INFO] IPUIPlugin:80 - create IPUIPlugin
2025-09-23 18:57:00,204 [INFO] PluginManager:220 - loadIPPluginJar : add lorawan
2025-09-23 18:57:00,207 [INFO] IPUIPlugin:80 - create IPUIPlugin
2025-09-23 18:57:00,207 [INFO] PluginManager:220 - loadIPPluginJar : add opamp
2025-09-23 18:57:00,211 [INFO] IPUIPlugin:80 - create IPUIPlugin
2025-09-23 18:57:00,211 [INFO] PluginManager:220 - loadIPPluginJar : add i3c
2025-09-23 18:57:00,216 [INFO] IPUIPlugin:80 - create IPUIPlugin
2025-09-23 18:57:00,216 [INFO] PluginManager:220 - loadIPPluginJar : add touchsensing
2025-09-23 18:57:00,219 [INFO] IPUIPlugin:80 - create IPUIPlugin
2025-09-23 18:57:00,219 [INFO] PluginManager:220 - loadIPPluginJar : add i2c
2025-09-23 18:57:00,224 [INFO] IPUIPlugin:80 - create IPUIPlugin
2025-09-23 18:57:00,224 [INFO] PluginManager:220 - loadIPPluginJar : add resmgrutility
2025-09-23 18:57:00,229 [INFO] IPUIPlugin:80 - create IPUIPlugin
2025-09-23 18:57:00,229 [INFO] PluginManager:220 - loadIPPluginJar : add sai
2025-09-23 18:57:00,233 [INFO] IPUIPlugin:80 - create IPUIPlugin
2025-09-23 18:57:00,233 [INFO] PluginManager:220 - loadIPPluginJar : add usbx
2025-09-23 18:57:00,336 [FATAL] Updater:351 - Updater called before beeing initialized
2025-09-23 18:57:00,370 [INFO] RulesReader:64 - Compatibility file has been processed (317 Rules)
2025-09-23 18:57:00,380 [INFO] RulesReader:64 - Compatibility file has been processed (317 Rules)
2025-09-23 18:57:00,386 [INFO] CADModel:165 - CPN selected for project level
2025-09-23 18:57:00,386 [INFO] CADModel:114 - Register for checkConnection events
2025-09-23 18:57:00,386 [FATAL] Updater:351 - Updater called before beeing initialized
2025-09-23 18:57:00,386 [ERROR] CADModel:125 - Updater not yet initialized, retry later 
2025-09-23 18:57:00,559 [FATAL] Updater:351 - Updater called before beeing initialized
2025-09-23 18:57:00,561 [INFO] CADModel:165 - CPN selected for project level
2025-09-23 18:57:00,561 [INFO] CADModel:114 - Register for checkConnection events
2025-09-23 18:57:00,561 [FATAL] Updater:351 - Updater called before beeing initialized
2025-09-23 18:57:00,561 [ERROR] CADModel:125 - Updater not yet initialized, retry later 
2025-09-23 18:57:00,565 [FATAL] Updater:351 - Updater called before beeing initialized
2025-09-23 18:57:00,638 [FATAL] Updater:351 - Updater called before beeing initialized
2025-09-23 18:57:00,642 [INFO] DbMcusAds:53 - JSON generation date=Tue Jul 08 11:44:23 IRST 2025 (1751962463524)
2025-09-23 18:57:00,643 [FATAL] Updater:351 - Updater called before beeing initialized
2025-09-23 18:57:00,704 [WARN] DetailPanel:346 - Failed to get advertising image, set to default
2025-09-23 18:57:00,801 [FATAL] Updater:351 - Updater called before beeing initialized
2025-09-23 18:57:00,802 [FATAL] Updater:351 - Updater called before beeing initialized
2025-09-23 18:57:00,803 [FATAL] Updater:351 - Updater called before beeing initialized
2025-09-23 18:57:00,803 [WARN] DetailPanel:346 - Failed to get advertising image, set to default
2025-09-23 18:57:00,804 [FATAL] Updater:351 - Updater called before beeing initialized
2025-09-23 18:57:00,835 [ERROR] Updater:1198 - MainUpdater not yet initialized. External WinMGr cannot be set.
2025-09-23 18:57:00,836 [INFO] Updater:1134 - Updater Version found : 6.15.0
2025-09-23 18:57:00,860 [INFO] ApplicationProperties:184 - Using Application install path: /Applications/STM32CubeIDE.app/Contents/Eclipse/plugins/com.st.stm32cube.common.mx_6.15.0.202507011659
2025-09-23 18:57:01,974 [ERROR] CheckConnectionManager:249 - Problem, Http access forbiden
2025-09-23 18:57:01,978 [INFO] MainUpdater:2872 - connection check result : 22
2025-09-23 18:57:01,978 [INFO] MainUpdater:289 - Updater Check For Update Now.
2025-09-23 18:57:01,979 [INFO] MicroXplorer:498 - Change Database Version : DB.6.0.150
2025-09-23 18:57:01,985 [INFO] McuFinderGlobals:63 - Set McuFinder mode to 2 (CubeIDE integrated)
2025-09-23 18:57:01,986 [INFO] UserAuth:487 - Internet connection configuration mode: 2
2025-09-23 18:57:01,989 [INFO] UserAuth:487 - Internet connection configuration mode: 2
2025-09-23 18:57:02,178 [INFO] CheckServerUpdateThread:120 - End of CheckServer Thread
2025-09-23 18:57:02,628 [WARN] PackLoader:240 - Cannot read IP mode file for STMicroelectronics.FP-SNS-MOTENVWB1.1.4.0
2025-09-23 18:57:02,634 [WARN] PackLoader:240 - Cannot read IP mode file for STMicroelectronics.FP-ATR-ASTRA1.2.0.2
2025-09-23 18:57:02,641 [WARN] PackLoader:240 - Cannot read IP mode file for STMicroelectronics.X-CUBE-SMBUS.2.1.0
2025-09-23 18:57:02,646 [WARN] PackLoader:240 - Cannot read IP mode file for STMicroelectronics.X-CUBE-ST60.1.0.0
2025-09-23 18:57:02,673 [WARN] PackLoader:240 - Cannot read IP mode file for STMicroelectronics.X-CUBE-AZRTOS-F7.1.1.0
2025-09-23 18:57:02,680 [WARN] PackLoader:240 - Cannot read IP mode file for Cesanta.I-CUBE-Mongoose.7.19.0
2025-09-23 18:57:02,688 [WARN] PackLoader:240 - Cannot read IP mode file for WES.I-CUBE-Cesium.1.4.0
2025-09-23 18:57:02,717 [WARN] PackLoader:240 - Cannot read IP mode file for Infineon.AIROC-Wi-Fi-Bluetooth-STM32.1.7.1
2025-09-23 18:57:02,751 [WARN] PackLoader:240 - Cannot read IP mode file for STMicroelectronics.X-CUBE-AZRTOS-H7.3.4.0
2025-09-23 18:57:02,762 [WARN] PackLoader:240 - Cannot read IP mode file for STMicroelectronics.X-CUBE-DISPLAY.3.0.0
2025-09-23 18:57:02,775 [WARN] PackLoader:240 - Cannot read IP mode file for STMicroelectronics.X-CUBE-NFC10.1.0.0
2025-09-23 18:57:02,787 [WARN] PackLoader:240 - Cannot read IP mode file for STMicroelectronics.X-CUBE-BLEMGR.4.0.0
2025-09-23 18:57:02,796 [WARN] PackLoader:240 - Cannot read IP mode file for emotas.I-CUBE-CANOPEN.1.3.0
2025-09-23 18:57:02,801 [WARN] ConditionMgr:438 - getConditionDescription Invalid condition id : Cortex-A Device cause : null
2025-09-23 18:57:02,811 [WARN] ConditionMgr:1044 - genDependencies : Invalid condition id : Cortex-A Device cause : null
2025-09-23 18:57:02,811 [WARN] ConditionMgr:1044 - genDependencies : Invalid condition id : Cortex-A Device cause : null
2025-09-23 18:57:02,811 [WARN] ConditionMgr:1044 - genDependencies : Invalid condition id : Cortex-A Device cause : null
2025-09-23 18:57:02,818 [WARN] PackLoader:240 - Cannot read IP mode file for STMicroelectronics.FP-SNS-STBOX1.2.1.0
2025-09-23 18:57:02,824 [WARN] PackLoader:240 - Cannot read IP mode file for STMicroelectronics.FP-SNS-SMARTAG2.1.2.0
2025-09-23 18:57:02,828 [WARN] PackLoader:240 - Cannot read IP mode file for STMicroelectronics.FP-SNS-FLIGHT1.5.1.0
2025-09-23 18:57:02,837 [INFO] LogOutputStream:77 - [STDOUT_REDIRECT] 1 : Invalid condition id : UX_CORESTACK_Condition cause : null
2025-09-23 18:57:02,838 [INFO] LogOutputStream:77 - [STDOUT_REDIRECT] 1 : Invalid condition id : UX_CORESTACK_Condition cause : null
2025-09-23 18:57:02,838 [INFO] LogOutputStream:77 - [STDOUT_REDIRECT] 1 : Invalid condition id : UX_CORESTACK_Condition cause : null
2025-09-23 18:57:02,838 [INFO] LogOutputStream:77 - [STDOUT_REDIRECT] 1 : Invalid condition id : UX_CORESTACK_Condition cause : null
2025-09-23 18:57:02,838 [INFO] LogOutputStream:77 - [STDOUT_REDIRECT] 1 : Invalid condition id : UX_CORESTACK_Condition cause : null
2025-09-23 18:57:02,843 [WARN] PackLoader:240 - Cannot read IP mode file for STMicroelectronics.X-CUBE-AZRTOS-WL.2.0.0
2025-09-23 18:57:02,850 [WARN] PackLoader:240 - Cannot read IP mode file for STMicroelectronics.FP-SNS-MOTENV1.5.0.0
2025-09-23 18:57:02,856 [WARN] PackLoader:240 - Cannot read IP mode file for WES.I-CUBE-Cesium.1.3.0
2025-09-23 18:57:02,861 [WARN] PackLoader:240 - Cannot read IP mode file for STMicroelectronics.X-CUBE-BLE2.3.3.0
2025-09-23 18:57:02,866 [WARN] PackLoader:240 - Cannot read IP mode file for STMicroelectronics.X-CUBE-NFC9.1.0.0
2025-09-23 18:57:02,872 [WARN] PackLoader:240 - Cannot read IP mode file for wolfSSL.I-CUBE-wolfSSL.5.8.0
2025-09-23 18:57:02,875 [WARN] PackLoader:240 - Cannot read IP mode file for wolfSSL.I-CUBE-wolfSSL.5.8.2
2025-09-23 18:57:02,880 [WARN] PackLoader:240 - Cannot read IP mode file for STMicroelectronics.X-CUBE-BLE1.7.1.0
2025-09-23 18:57:02,883 [WARN] PackLoader:240 - Cannot read IP mode file for wolfSSL.I-CUBE-wolfMQTT.1.19.2
2025-09-23 18:57:02,888 [WARN] PackLoader:240 - Cannot read IP mode file for STMicroelectronics.X-CUBE-EEPRMA1.5.2.0
2025-09-23 18:57:02,893 [WARN] PackLoader:240 - Cannot read IP mode file for STMicroelectronics.X-CUBE-AI.10.1.0
2025-09-23 18:57:02,911 [WARN] PackLoader:240 - Cannot read IP mode file for STMicroelectronics.X-CUBE-AZRTOS-G0.1.1.0
2025-09-23 18:57:02,921 [WARN] PackLoader:240 - Cannot read IP mode file for STMicroelectronics.X-CUBE-SAFEA1.1.2.2
2025-09-23 18:57:02,926 [WARN] PackLoader:240 - Cannot read IP mode file for STMicroelectronics.X-CUBE-NFC4.3.0.0
2025-09-23 18:57:02,933 [WARN] PackLoader:240 - Cannot read IP mode file for EmbeddedOffice.I-CUBE-FS-RTOS.1.0.1
2025-09-23 18:57:02,938 [WARN] PackLoader:240 - Cannot read IP mode file for STMicroelectronics.X-CUBE-WB05N.2.0.0
2025-09-23 18:57:02,956 [WARN] PackLoader:240 - Cannot read IP mode file for wolfSSL.I-CUBE-wolfTPM.3.8.0
2025-09-23 18:57:02,962 [WARN] PackLoader:240 - Cannot read IP mode file for STMicroelectronics.X-CUBE-TCPP.4.2.0
2025-09-23 18:57:02,967 [WARN] PackLoader:240 - Cannot read IP mode file for RealThread.X-CUBE-RT-Thread_Nano.4.1.1
2025-09-23 18:57:02,971 [WARN] PackLoader:240 - Cannot read IP mode file for STMicroelectronics.FP-ATR-SIGFOX1.3.2.0
2025-09-23 18:57:02,977 [WARN] PackLoader:240 - Cannot read IP mode file for ITTIA_DB.I-CUBE-ITTIADB.8.9.0
2025-09-23 18:57:02,982 [WARN] PackLoader:240 - Cannot read IP mode file for STMicroelectronics.X-CUBE-ST67W61.1.0.0
2025-09-23 18:57:02,985 [WARN] PackLoader:240 - Cannot read IP mode file for STMicroelectronics.X-CUBE-AI.10.2.0
2025-09-23 18:57:03,016 [WARN] PackLoader:240 - Cannot read IP mode file for SEGGER.I-CUBE-embOS.1.3.1
2025-09-23 18:57:03,059 [WARN] PackLoader:240 - Cannot read IP mode file for STMicroelectronics.X-CUBE-ALGOBUILD.1.4.0
2025-09-23 18:57:03,105 [WARN] PackLoader:240 - Cannot read IP mode file for STMicroelectronics.X-CUBE-MEMS1.11.3.0
2025-09-23 18:57:03,275 [WARN] PackLoader:240 - Cannot read IP mode file for STMicroelectronics.X-CUBE-PM33A1.1.0.0
2025-09-23 18:57:03,297 [WARN] PackLoader:240 - Cannot read IP mode file for STMicroelectronics.X-CUBE-AZRTOS-F4.1.1.0
2025-09-23 18:57:03,303 [WARN] PackLoader:240 - Cannot read IP mode file for Avnet-IotConnect.X-CUBE-IoTC-DA16k-PMOD.1.0.0
2025-09-23 18:57:03,307 [WARN] PackLoader:240 - Cannot read IP mode file for STMicroelectronics.X-CUBE-ISPU.2.1.0
2025-09-23 18:57:03,315 [WARN] PackLoader:240 - Cannot read IP mode file for STMicroelectronics.X-CUBE-NFC12.1.0.0
2025-09-23 18:57:03,361 [WARN] PackLoader:240 - Cannot read IP mode file for STMicroelectronics.X-CUBE-AZRTOS-L5.2.0.0
2025-09-23 18:57:03,374 [WARN] PackLoader:240 - Cannot read IP mode file for STMicroelectronics.X-CUBE-NFC6.3.1.0
2025-09-23 18:57:03,383 [WARN] PackLoader:240 - Cannot read IP mode file for STMicroelectronics.X-CUBE-FREERTOS.1.3.1
2025-09-23 18:57:03,389 [WARN] PackLoader:240 - Cannot read IP mode file for STMicroelectronics.FP-SNS-STAIOTCFT.1.0.0
2025-09-23 18:57:03,395 [WARN] PackLoader:240 - Cannot read IP mode file for STMicroelectronics.X-CUBE-DPower.1.3.0
2025-09-23 18:57:03,416 [WARN] ConditionMgr:438 - getConditionDescription Invalid condition id : LAN8742 Phy interface Condition cause : null
2025-09-23 18:57:03,417 [WARN] PackLoader:240 - Cannot read IP mode file for STMicroelectronics.X-CUBE-AZRTOS-L4.2.0.0
2025-09-23 18:57:03,418 [WARN] ConditionMgr:1044 - genDependencies : Invalid condition id : LAN8742 Phy interface Condition cause : null
2025-09-23 18:57:03,418 [WARN] ConditionMgr:1044 - genDependencies : Invalid condition id : LAN8742 Phy interface Condition cause : null
2025-09-23 18:57:03,419 [WARN] ConditionMgr:1044 - genDependencies : Invalid condition id : LAN8742 Phy interface Condition cause : null
2025-09-23 18:57:03,425 [WARN] PackLoader:240 - Cannot read IP mode file for STMicroelectronics.X-CUBE-SFXS2LP1.4.0.0
2025-09-23 18:57:03,433 [WARN] PackLoader:240 - Cannot read IP mode file for STMicroelectronics.X-CUBE-BLEMGR.4.1.0
2025-09-23 18:57:03,448 [WARN] ConditionMgr:438 - getConditionDescription Invalid condition id : UX DEVICE CLASS RTOS Condition cause : null
2025-09-23 18:57:03,448 [WARN] ConditionMgr:438 - getConditionDescription Invalid condition id : UX DEVICE CLASS RTOS Condition cause : null
2025-09-23 18:57:03,449 [WARN] PackLoader:240 - Cannot read IP mode file for STMicroelectronics.X-CUBE-AZRTOS-WB.2.0.0
2025-09-23 18:57:03,450 [WARN] ConditionMgr:1044 - genDependencies : Invalid condition id : UX DEVICE CLASS RTOS Condition cause : null
2025-09-23 18:57:03,450 [WARN] ConditionMgr:1044 - genDependencies : Invalid condition id : UX DEVICE CLASS RTOS Condition cause : null
2025-09-23 18:57:03,450 [WARN] ConditionMgr:1044 - genDependencies : Invalid condition id : UX DEVICE CLASS RTOS Condition cause : null
2025-09-23 18:57:03,450 [WARN] ConditionMgr:1044 - genDependencies : Invalid condition id : UX DEVICE CLASS RTOS Condition cause : null
2025-09-23 18:57:03,450 [WARN] ConditionMgr:1044 - genDependencies : Invalid condition id : UX DEVICE CLASS RTOS Condition cause : null
2025-09-23 18:57:03,454 [WARN] PackLoader:240 - Cannot read IP mode file for STMicroelectronics.X-CUBE-GNSS1.7.0.1
2025-09-23 18:57:03,458 [WARN] PackLoader:240 - Cannot read IP mode file for STMicroelectronics.X-CUBE-TOUCHGFX.4.25.0
2025-09-23 18:57:03,463 [WARN] PackLoader:240 - Cannot read IP mode file for STMicroelectronics.FP-SNS-STBOX1.2.0.0
2025-09-23 18:57:03,467 [WARN] ConditionMgr:438 - getConditionDescription Invalid condition id : Cortex-A Device cause : null
2025-09-23 18:57:03,472 [WARN] ConditionMgr:1044 - genDependencies : Invalid condition id : Cortex-A Device cause : null
2025-09-23 18:57:03,472 [WARN] ConditionMgr:1044 - genDependencies : Invalid condition id : Cortex-A Device cause : null
2025-09-23 18:57:03,472 [WARN] ConditionMgr:1044 - genDependencies : Invalid condition id : Cortex-A Device cause : null
2025-09-23 18:57:03,481 [WARN] PackLoader:240 - Cannot read IP mode file for STMicroelectronics.X-CUBE-SUBG2.5.0.0
2025-09-23 18:57:03,508 [WARN] PackLoader:240 - Cannot read IP mode file for STMicroelectronics.X-CUBE-AZRTOS-H7RS.1.1.0
2025-09-23 18:57:03,513 [WARN] PackLoader:240 - Cannot read IP mode file for Cesanta.I-CUBE-Mongoose.7.13.0
2025-09-23 18:57:03,526 [WARN] PackLoader:240 - Cannot read IP mode file for STMicroelectronics.X-CUBE-AZRTOS-G4.2.0.0
2025-09-23 18:57:03,530 [WARN] PackLoader:240 - Cannot read IP mode file for wolfSSL.I-CUBE-wolfSSH.1.4.20
2025-09-23 18:57:03,533 [WARN] PackLoader:240 - Cannot read IP mode file for STMicroelectronics.X-CUBE-NFC7.2.0.0
2025-09-23 18:57:03,545 [WARN] PackLoader:240 - Cannot read IP mode file for STMicroelectronics.X-CUBE-IPS.3.1.0
2025-09-23 18:57:03,554 [WARN] PackLoader:240 - Cannot read IP mode file for STMicroelectronics.X-CUBE-ALS.1.0.2
2025-09-23 18:57:03,559 [WARN] PackLoader:240 - Cannot read IP mode file for STMicroelectronics.X-CUBE-STSE01.1.0.0
2025-09-23 18:57:03,564 [WARN] PackLoader:240 - Cannot read IP mode file for portGmbH.I-Cube-SoM-uGOAL.1.1.0
2025-09-23 18:57:03,573 [WARN] PackLoader:240 - Cannot read IP mode file for STMicroelectronics.X-CUBE-TOF1.3.4.3
2025-09-23 18:57:03,584 [INFO] ThirdParty:978 - Integrity check success = true
2025-09-23 18:57:03,584 [INFO] IntegrityCheckThread:100 - exiting critical section [integrity check]
2025-09-23 18:57:03,584 [INFO] IntegrityCheckThread:103 - End integrity checks thread
